2026-03-14T13:45:19.489986Z - INFO - System health report generated.
2026-03-14T13:45:25.533326Z - INFO - Created missing log file: D:\OpenClaw\workspace\second-brain\trading_bot\..\logs\strategy_debug.log
2026-03-14T13:45:25.534041Z - INFO - Created missing log file: D:\OpenClaw\workspace\second-brain\trading_bot\..\logs\trades.json
2026-03-14T13:45:25.534631Z - INFO - Created missing log file: D:\OpenClaw\workspace\second-brain\trading_bot\..\logs\TRADE_LOG.md
2026-03-14T13:45:25.534857Z - INFO - Full health check completed.
2026-03-14T13:47:02.291204Z - INFO - System health report generated.
2026-03-14T13:47:08.441432Z - INFO - Full health check completed.
2026-03-14T13:48:00.325956Z - INFO - System health report generated.
2026-03-14T13:48:06.685660Z - INFO - Full health check completed.
2026-03-14T13:48:13.356507Z - INFO - System health report generated.
2026-03-14T13:48:19.584045Z - INFO - Full health check completed.
2026-03-14T13:50:36.891115Z - INFO - System health report generated.
2026-03-14T13:50:44.190392Z - INFO - Full health check completed.
2026-03-14T13:53:22.484569Z - INFO - System health report generated.
2026-03-14T13:53:26.847967Z - INFO - Full health check completed.
2026-03-14T13:53:29.950387Z - INFO - Full health check completed.
2026-03-14T13:54:02.127468Z - INFO - System health report generated.
2026-03-14T13:54:08.019099Z - INFO - Full health check completed.
2026-03-14T13:55:02.222110Z - INFO - System health report generated.
2026-03-14T13:55:08.139034Z - INFO - Full health check completed.
2026-03-14T13:56:00.793755Z - INFO - System health report generated.
2026-03-14T13:56:07.197754Z - INFO - Full health check completed.
2026-03-14T13:57:09.248456Z - INFO - System health report generated.
2026-03-14T13:57:16.796358Z - INFO - Full health check completed.
2026-03-14T13:58:32.854400Z - INFO - Full health check completed.
2026-03-14T13:58:35.396053Z - INFO - Full health check completed.
2026-03-14T13:59:03.224433Z - INFO - System health report generated.
2026-03-14T13:59:10.218961Z - INFO - Full health check completed.
2026-03-14T14:01:02.761668Z - INFO - System health report generated.
2026-03-14T14:01:13.301458Z - INFO - Full health check completed.
2026-03-14T14:03:45.194245Z - INFO - Full health check completed.
2026-03-14T14:03:47.167839Z - INFO - Full health check completed.
2026-03-14T14:04:24.173264Z - INFO - Full health check completed.
2026-03-14T14:06:28.723876Z - INFO - Full health check completed.
2026-03-14T14:08:54.233759Z - INFO - Full health check completed.
2026-03-14T14:08:55.668490Z - INFO - Full health check completed.
2026-03-14T14:09:04.011572Z - INFO - System health report generated.
2026-03-14T14:09:10.916513Z - INFO - Full health check completed.
2026-03-14T14:09:31.192486Z - INFO - Full health check completed.
2026-03-14T14:11:35.515501Z - INFO - Full health check completed.
2026-03-14T14:14:16.130698Z - INFO - Full health check completed.
2026-03-14T14:14:18.161614Z - INFO - Full health check completed.
2026-03-14T14:14:51.025572Z - INFO - Full health check completed.
2026-03-14T14:15:06.362558Z - INFO - System health report generated.
2026-03-14T14:15:30.033218Z - INFO - Full health check completed.
2026-03-14T14:16:02.348279Z - INFO - System health report generated.
2026-03-14T14:16:22.698626Z - INFO - Full health check completed.
2026-03-14T14:16:40.212306Z - INFO - System health report generated.
2026-03-14T14:17:05.876360Z - INFO - Full health check completed.
2026-03-14T14:17:13.648127Z - INFO - Full health check completed.
2026-03-14T14:18:03.859569Z - INFO - System health report generated.
2026-03-14T14:18:27.469279Z - INFO - Full health check completed.
2026-03-14T14:19:41.757712Z - INFO - Full health check completed.
2026-03-14T14:19:44.203205Z - INFO - Full health check completed.
2026-03-14T14:20:12.224685Z - INFO - Full health check completed.
2026-03-14T14:20:22.833686Z - INFO - System health report generated.
2026-03-14T14:20:40.665857Z - INFO - Full health check completed.
2026-03-14T14:22:23.133955Z - INFO - Full health check completed.
2026-03-14T14:23:05.396362Z - INFO - System health report generated.
2026-03-14T14:23:30.888376Z - INFO - Full health check completed.
2026-03-14T14:25:07.771843Z - INFO - Full health check completed.
2026-03-14T14:25:10.568084Z - INFO - Full health check completed.
2026-03-14T14:25:28.762546Z - INFO - Full health check completed.
2026-03-14T14:26:06.708271Z - INFO - System health report generated.
2026-03-14T14:26:30.486515Z - INFO - Full health check completed.
2026-03-14T14:27:47.226336Z - INFO - Full health check completed.
2026-03-14T14:28:04.909713Z - INFO - System health report generated.
2026-03-14T14:29:03.535360Z - INFO - System health report generated.
2026-03-14T14:29:31.507896Z - INFO - Full health check completed.
2026-03-14T14:30:30.491529Z - INFO - Full health check completed.
2026-03-14T14:30:32.083830Z - INFO - Full health check completed.
2026-03-14T14:31:02.729865Z - INFO - Full health check completed.
2026-03-14T14:31:47.681369Z - INFO - Full health check completed.
2026-03-14T14:32:30.426543Z - INFO - System health report generated.
2026-03-14T14:33:08.292573Z - INFO - Full health check completed.
2026-03-14T14:33:18.702054Z - INFO - Full health check completed.
2026-03-14T14:33:32.919567Z - INFO - System health report generated.
2026-03-14T14:34:04.655195Z - INFO - Full health check completed.
2026-03-14T14:36:15.148116Z - INFO - Full health check completed.
2026-03-14T14:36:17.384537Z - INFO - Full health check completed.
2026-03-14T14:36:35.638091Z - INFO - Full health check completed.
2026-03-14T14:37:08.239030Z - INFO - Full health check completed.
2026-03-14T14:37:08.638086Z - INFO - System health report generated.
2026-03-14T14:37:40.169946Z - INFO - Full health check completed.
2026-03-14T14:38:34.070006Z - INFO - Full health check completed.
2026-03-14T14:41:16.719978Z - INFO - System health report generated.
2026-03-14T14:41:45.417096Z - INFO - Full health check completed.
2026-03-14T14:41:47.769352Z - INFO - Full health check completed.
2026-03-14T14:41:47.780789Z - INFO - Full health check completed.
2026-03-14T14:41:59.519254Z - INFO - Full health check completed.
2026-03-14T14:42:46.247583Z - INFO - Full health check completed.
2026-03-14T14:43:57.224635Z - INFO - Full health check completed.
2026-03-14T14:44:42.789059Z - INFO - System health report generated.
2026-03-14T14:45:04.802886Z - INFO - Full health check completed.
2026-03-14T14:45:45.505005Z - INFO - System health report generated.
2026-03-14T14:46:33.409971Z - INFO - Full health check completed.
2026-03-14T14:47:13.676399Z - INFO - System health report generated.
2026-03-14T14:47:22.621266Z - INFO - Full health check completed.
2026-03-14T14:47:28.030207Z - INFO - Full health check completed.
2026-03-14T14:47:30.998789Z - INFO - Full health check completed.
2026-03-14T14:47:51.148701Z - INFO - Full health check completed.
2026-03-14T14:48:10.326356Z - INFO - Full health check completed.
2026-03-14T14:48:28.912568Z - INFO - Full health check completed.
2026-03-14T14:49:09.839580Z - INFO - System health report generated.
2026-03-14T14:49:23.946609Z - INFO - Full health check completed.
2026-03-14T14:49:50.536455Z - INFO - Full health check completed.
2026-03-14T14:52:18.593697Z - INFO - System health report generated.
2026-03-14T14:52:42.171921Z - INFO - Full health check completed.
2026-03-14T14:52:54.521998Z - INFO - Full health check completed.
2026-03-14T14:53:06.996084Z - INFO - Full health check completed.
2026-03-14T14:53:13.691586Z - INFO - Full health check completed.
2026-03-14T14:53:47.879231Z - INFO - Full health check completed.
2026-03-14T14:53:58.188191Z - INFO - Full health check completed.
2026-03-14T14:54:07.938306Z - INFO - System health report generated.
2026-03-14T14:54:30.688110Z - INFO - Full health check completed.
2026-03-14T14:54:40.826229Z - INFO - Full health check completed.
2026-03-14T14:55:10.752905Z - INFO - System health report generated.
2026-03-14T14:55:50.515942Z - INFO - Full health check completed.
2026-03-14T14:58:03.834656Z - INFO - System health report generated.
2026-03-14T14:58:11.097086Z - INFO - Full health check completed.
2026-03-14T14:58:36.873285Z - INFO - Full health check completed.
2026-03-14T14:58:48.821674Z - INFO - Full health check completed.
2026-03-14T14:59:12.313445Z - INFO - Full health check completed.
2026-03-14T14:59:34.627453Z - INFO - Full health check completed.
2026-03-14T14:59:36.224142Z - INFO - Full health check completed.
2026-03-14T14:59:55.248800Z - INFO - Full health check completed.
2026-03-14T14:59:57.167851Z - INFO - System health report generated.
2026-03-14T15:00:12.243775Z - INFO - Full health check completed.
2026-03-14T15:01:05.270641Z - INFO - System health report generated.
2026-03-14T15:01:20.359836Z - INFO - Full health check completed.
2026-03-14T15:02:38.557765Z - INFO - System health report generated.
2026-03-14T15:03:06.055220Z - INFO - Full health check completed.
2026-03-14T15:03:29.724427Z - INFO - Full health check completed.
2026-03-14T15:04:35.027875Z - INFO - Full health check completed.
2026-03-14T15:04:49.829582Z - INFO - Full health check completed.
2026-03-14T15:05:02.834753Z - INFO - Full health check completed.
2026-03-14T15:05:04.121638Z - INFO - Full health check completed.
2026-03-14T15:05:15.478854Z - INFO - Full health check completed.
2026-03-14T15:06:38.790792Z - INFO - Full health check completed.
2026-03-14T15:06:43.659351Z - INFO - System health report generated.
2026-03-14T15:07:04.334987Z - INFO - Full health check completed.
2026-03-14T15:08:19.217268Z - INFO - System health report generated.
2026-03-14T15:08:44.365032Z - INFO - Full health check completed.
2026-03-14T15:09:01.795640Z - INFO - Full health check completed.
2026-03-14T15:09:25.718550Z - INFO - System health report generated.
2026-03-14T15:09:44.961686Z - INFO - Full health check completed.
2026-03-14T15:09:54.689177Z - INFO - Full health check completed.
2026-03-14T15:10:27.150336Z - INFO - Full health check completed.
2026-03-14T15:10:47.157724Z - INFO - Full health check completed.
2026-03-14T15:10:47.239016Z - INFO - Full health check completed.
2026-03-14T15:11:00.624962Z - INFO - Full health check completed.
2026-03-14T15:11:55.034908Z - INFO - Full health check completed.
2026-03-14T15:12:23.242139Z - INFO - System health report generated.
2026-03-14T15:12:58.516373Z - INFO - Full health check completed.
2026-03-14T15:14:29.949002Z - INFO - Full health check completed.
2026-03-14T15:14:36.424617Z - INFO - System health report generated.
2026-03-14T15:14:56.934955Z - INFO - Full health check completed.
2026-03-14T15:15:13.514147Z - INFO - Full health check completed.
2026-03-14T15:16:00.547217Z - INFO - Full health check completed.
2026-03-14T15:16:28.051379Z - INFO - System health report generated.
2026-03-14T15:16:31.526787Z - INFO - Full health check completed.
2026-03-14T15:16:32.333003Z - INFO - Full health check completed.
2026-03-14T15:16:42.402491Z - INFO - Full health check completed.
2026-03-14T15:17:05.684588Z - INFO - Full health check completed.
2026-03-14T15:17:19.966960Z - INFO - Full health check completed.
2026-03-14T15:18:20.038211Z - INFO - System health report generated.
2026-03-14T15:18:57.336607Z - INFO - System health report generated.
2026-03-14T15:19:27.411425Z - INFO - Full health check completed.
2026-03-14T15:19:49.490007Z - INFO - Full health check completed.
2026-03-14T15:20:41.707447Z - INFO - Full health check completed.
2026-03-14T15:21:23.579234Z - INFO - Full health check completed.
2026-03-14T15:21:46.673857Z - INFO - Full health check completed.
2026-03-14T15:22:08.226558Z - INFO - Full health check completed.
2026-03-14T15:22:47.155215Z - INFO - Full health check completed.
2026-03-14T15:24:17.778224Z - INFO - System health report generated.
2026-03-14T15:24:33.238407Z - INFO - Full health check completed.
2026-03-14T15:24:53.411605Z - INFO - System health report generated.
2026-03-14T15:25:19.907257Z - INFO - Full health check completed.
2026-03-14T15:25:24.724128Z - INFO - Full health check completed.
2026-03-14T15:25:57.953528Z - INFO - Full health check completed.
2026-03-14T15:26:01.256146Z - INFO - System health report generated.
2026-03-14T15:26:26.233591Z - INFO - Full health check completed.
2026-03-14T15:26:57.747444Z - INFO - Full health check completed.
2026-03-14T15:27:25.635017Z - INFO - Full health check completed.
2026-03-14T15:27:40.664021Z - INFO - Full health check completed.
2026-03-14T15:28:06.836261Z - INFO - Full health check completed.
2026-03-14T15:29:10.525773Z - INFO - System health report generated.
2026-03-14T15:29:29.269359Z - INFO - Full health check completed.
2026-03-14T15:29:58.416890Z - INFO - Full health check completed.
2026-03-14T15:30:10.422690Z - INFO - System health report generated.
2026-03-14T15:30:42.396673Z - INFO - Full health check completed.
2026-03-14T15:30:49.313267Z - INFO - Full health check completed.
2026-03-14T15:30:52.766491Z - INFO - Full health check completed.
2026-03-14T15:31:09.836408Z - INFO - System health report generated.
2026-03-14T15:31:21.520774Z - INFO - Full health check completed.
2026-03-14T15:31:29.723000Z - INFO - Full health check completed.
2026-03-14T15:32:08.142272Z - INFO - System health report generated.
2026-03-14T15:32:10.338885Z - INFO - Full health check completed.
2026-03-14T15:32:20.485994Z - INFO - Full health check completed.
2026-03-14T15:32:40.079442Z - INFO - Full health check completed.
2026-03-14T15:32:53.141450Z - INFO - Full health check completed.
2026-03-14T15:33:19.337245Z - INFO - Full health check completed.
2026-03-14T15:34:13.057918Z - INFO - System health report generated.
2026-03-14T15:34:26.391251Z - INFO - Full health check completed.
2026-03-14T15:35:11.164744Z - INFO - System health report generated.
2026-03-14T15:35:14.475614Z - INFO - Full health check completed.
2026-03-14T15:35:25.144876Z - INFO - Full health check completed.
2026-03-14T15:36:04.388769Z - INFO - Full health check completed.
2026-03-14T15:36:08.486506Z - INFO - Full health check completed.
2026-03-14T15:36:37.136355Z - INFO - Full health check completed.
2026-03-14T15:37:22.162919Z - INFO - Full health check completed.
2026-03-14T15:37:56.229372Z - INFO - Full health check completed.
2026-03-14T15:38:06.686890Z - INFO - System health report generated.
2026-03-14T15:38:08.497826Z - INFO - Full health check completed.
2026-03-14T15:38:21.209859Z - INFO - Full health check completed.
2026-03-14T15:38:35.466891Z - INFO - Full health check completed.
2026-03-14T15:40:31.621384Z - INFO - Full health check completed.
2026-03-14T15:40:43.429397Z - INFO - Full health check completed.
2026-03-14T15:41:20.417793Z - INFO - Full health check completed.
2026-03-14T15:41:22.762049Z - INFO - System health report generated.
2026-03-14T15:41:23.666120Z - INFO - Full health check completed.
2026-03-14T15:41:37.904458Z - INFO - Full health check completed.
2026-03-14T15:41:51.996516Z - INFO - Full health check completed.
2026-03-14T15:42:34.570548Z - INFO - Full health check completed.
2026-03-14T15:43:06.251737Z - INFO - System health report generated.
2026-03-14T15:43:10.844242Z - INFO - Full health check completed.
2026-03-14T15:43:20.307151Z - INFO - Full health check completed.
2026-03-14T15:43:23.246320Z - INFO - Full health check completed.
2026-03-14T15:43:49.104368Z - INFO - Full health check completed.
2026-03-14T15:45:01.690452Z - INFO - System health report generated.
2026-03-14T15:45:12.726328Z - INFO - Full health check completed.
2026-03-14T15:45:46.053115Z - INFO - Full health check completed.
2026-03-14T15:45:54.955226Z - INFO - Full health check completed.
2026-03-14T15:46:35.819006Z - INFO - Full health check completed.
2026-03-14T15:46:41.830549Z - INFO - Full health check completed.
2026-03-14T15:47:04.977040Z - INFO - System health report generated.
2026-03-14T15:47:05.796700Z - INFO - Full health check completed.
2026-03-14T15:47:19.712066Z - INFO - Full health check completed.
2026-03-14T15:47:43.514239Z - INFO - Full health check completed.
2026-03-14T15:48:01.199528Z - INFO - System health report generated.
2026-03-14T15:48:15.767969Z - INFO - Full health check completed.
2026-03-14T15:48:26.485641Z - INFO - Full health check completed.
2026-03-14T15:48:40.207762Z - INFO - Full health check completed.
2026-03-14T15:48:57.340611Z - INFO - Full health check completed.
2026-03-14T15:50:58.736387Z - INFO - Full health check completed.
2026-03-14T15:51:05.180708Z - INFO - Full health check completed.
2026-03-14T15:51:49.477681Z - INFO - Full health check completed.
2026-03-14T15:51:54.410262Z - INFO - Full health check completed.
2026-03-14T15:52:14.495036Z - INFO - Full health check completed.
2026-03-14T15:52:56.202371Z - INFO - Full health check completed.
2026-03-14T15:53:24.862804Z - INFO - System health report generated.
2026-03-14T15:53:36.138216Z - INFO - Full health check completed.
2026-03-14T15:53:38.943234Z - INFO - Full health check completed.
2026-03-14T15:53:50.051897Z - INFO - Full health check completed.
2026-03-14T15:54:10.847671Z - INFO - Full health check completed.
2026-03-14T15:55:02.615703Z - INFO - System health report generated.
2026-03-14T15:55:14.035109Z - INFO - Full health check completed.
2026-03-14T15:56:10.922159Z - INFO - Full health check completed.
2026-03-14T15:56:17.215954Z - INFO - Full health check completed.
2026-03-14T15:56:29.837361Z - INFO - System health report generated.
2026-03-14T15:56:42.316737Z - INFO - Full health check completed.
2026-03-14T15:57:00.656399Z - INFO - Full health check completed.
2026-03-14T15:57:06.219998Z - INFO - Full health check completed.
2026-03-14T15:57:24.470457Z - INFO - Full health check completed.
2026-03-14T15:58:06.446544Z - INFO - Full health check completed.
2026-03-14T15:58:32.656844Z - INFO - System health report generated.
2026-03-14T15:58:42.995652Z - INFO - Full health check completed.
2026-03-14T15:58:49.579831Z - INFO - Full health check completed.
2026-03-14T15:58:53.145050Z - INFO - Full health check completed.
2026-03-14T15:59:01.460989Z - INFO - Full health check completed.
2026-03-14T15:59:10.582606Z - INFO - System health report generated.
2026-03-14T15:59:22.040202Z - INFO - Full health check completed.
2026-03-14T15:59:22.162269Z - INFO - Full health check completed.
2026-03-14T16:00:01.067345Z - INFO - System health report generated.
2026-03-14T16:00:13.127907Z - INFO - Full health check completed.
2026-03-14T16:01:23.493047Z - INFO - Full health check completed.
2026-03-14T16:01:29.354990Z - INFO - Full health check completed.
2026-03-14T16:02:01.993501Z - INFO - System health report generated.
2026-03-14T16:02:13.812519Z - INFO - Full health check completed.
2026-03-14T16:02:14.316432Z - INFO - Full health check completed.
2026-03-14T16:02:19.037188Z - INFO - Full health check completed.
2026-03-14T16:02:35.891738Z - INFO - Full health check completed.
2026-03-14T16:03:18.385755Z - INFO - Full health check completed.
2026-03-14T16:04:02.251506Z - INFO - Full health check completed.
2026-03-14T16:04:06.175268Z - INFO - Full health check completed.
2026-03-14T16:04:11.913491Z - INFO - Full health check completed.
2026-03-14T16:04:32.209635Z - INFO - System health report generated.
2026-03-14T16:04:34.159629Z - INFO - Full health check completed.
2026-03-14T16:04:42.090332Z - INFO - Full health check completed.
2026-03-14T16:05:32.708363Z - INFO - System health report generated.
2026-03-14T16:05:43.931888Z - INFO - Full health check completed.
2026-03-14T16:06:35.619572Z - INFO - Full health check completed.
2026-03-14T16:06:40.485846Z - INFO - Full health check completed.
2026-03-14T16:07:14.550639Z - INFO - System health report generated.
2026-03-14T16:07:29.305084Z - INFO - Full health check completed.
2026-03-14T16:07:30.440513Z - INFO - Full health check completed.
2026-03-14T16:07:35.346251Z - INFO - Full health check completed.
2026-03-14T16:07:49.008780Z - INFO - Full health check completed.
2026-03-14T16:08:14.423692Z - INFO - System health report generated.
2026-03-14T16:08:28.344392Z - INFO - Full health check completed.
2026-03-14T16:08:34.079985Z - INFO - Full health check completed.
2026-03-14T16:09:17.187733Z - INFO - Full health check completed.
2026-03-14T16:09:20.566943Z - INFO - Full health check completed.
2026-03-14T16:09:24.144624Z - INFO - Full health check completed.
2026-03-14T16:09:47.345546Z - INFO - Full health check completed.
2026-03-14T16:10:19.648586Z - INFO - System health report generated.
2026-03-14T16:10:33.358554Z - INFO - Full health check completed.
2026-03-14T16:11:50.643611Z - INFO - Full health check completed.
2026-03-14T16:11:56.707536Z - INFO - Full health check completed.
2026-03-14T16:12:46.482943Z - INFO - Full health check completed.
2026-03-14T16:12:51.245247Z - INFO - Full health check completed.
2026-03-14T16:13:02.316510Z - INFO - Full health check completed.
2026-03-14T16:13:45.612301Z - INFO - Full health check completed.
2026-03-14T16:13:50.982958Z - INFO - System health report generated.
2026-03-14T16:14:04.880774Z - INFO - Full health check completed.
2026-03-14T16:14:32.937174Z - INFO - Full health check completed.
2026-03-14T16:14:36.509458Z - INFO - Full health check completed.
2026-03-14T16:14:39.569578Z - INFO - Full health check completed.
2026-03-14T16:14:56.510539Z - INFO - Full health check completed.
2026-03-14T16:15:04.911307Z - INFO - System health report generated.
2026-03-14T16:15:19.328734Z - INFO - Full health check completed.
2026-03-14T16:17:06.539699Z - INFO - Full health check completed.
2026-03-14T16:17:11.920939Z - INFO - Full health check completed.
2026-03-14T16:18:02.974622Z - INFO - Full health check completed.
2026-03-14T16:18:08.651575Z - INFO - Full health check completed.
2026-03-14T16:18:18.179135Z - INFO - Full health check completed.
2026-03-14T16:18:41.133670Z - INFO - System health report generated.
2026-03-14T16:18:54.796796Z - INFO - Full health check completed.
2026-03-14T16:19:01.449763Z - INFO - Full health check completed.
2026-03-14T16:19:40.612103Z - INFO - System health report generated.
2026-03-14T16:19:49.412375Z - INFO - Full health check completed.
2026-03-14T16:19:49.612056Z - INFO - Full health check completed.
2026-03-14T16:19:53.102583Z - INFO - Full health check completed.
2026-03-14T16:19:54.410132Z - INFO - Full health check completed.
2026-03-14T16:20:12.535383Z - INFO - Full health check completed.
2026-03-14T16:20:45.834186Z - INFO - System health report generated.
2026-03-14T16:21:00.718568Z - INFO - Full health check completed.
2026-03-14T16:22:21.997345Z - INFO - Full health check completed.
2026-03-14T16:22:27.377372Z - INFO - Full health check completed.
2026-03-14T16:23:17.061826Z - INFO - Full health check completed.
2026-03-14T16:23:22.348884Z - INFO - Full health check completed.
2026-03-14T16:23:31.079192Z - INFO - Full health check completed.
2026-03-14T16:24:05.659080Z - INFO - System health report generated.
2026-03-14T16:24:12.982090Z - INFO - Full health check completed.
2026-03-14T16:24:19.095702Z - INFO - Full health check completed.
2026-03-14T16:25:05.879028Z - INFO - Full health check completed.
2026-03-14T16:25:06.142200Z - INFO - Full health check completed.
2026-03-14T16:25:09.903329Z - INFO - Full health check completed.
2026-03-14T16:25:26.770586Z - INFO - Full health check completed.
2026-03-14T16:25:31.743967Z - INFO - System health report generated.
2026-03-14T16:25:43.597589Z - INFO - Full health check completed.
2026-03-14T16:26:34.689042Z - INFO - System health report generated.
2026-03-14T16:26:49.353706Z - INFO - Full health check completed.
2026-03-14T16:27:36.326275Z - INFO - Full health check completed.
2026-03-14T16:27:41.312551Z - INFO - Full health check completed.
2026-03-14T16:28:31.932168Z - INFO - Full health check completed.
2026-03-14T16:28:38.631057Z - INFO - Full health check completed.
2026-03-14T16:28:47.352228Z - INFO - Full health check completed.
2026-03-14T16:29:20.877646Z - INFO - System health report generated.
2026-03-14T16:29:24.820927Z - INFO - Full health check completed.
2026-03-14T16:29:35.316177Z - INFO - Full health check completed.
2026-03-14T16:30:21.672773Z - INFO - System health report generated.
2026-03-14T16:30:21.722537Z - INFO - Full health check completed.
2026-03-14T16:30:21.739405Z - INFO - Full health check completed.
2026-03-14T16:30:24.270421Z - INFO - Full health check completed.
2026-03-14T16:30:37.448051Z - INFO - Full health check completed.
2026-03-14T16:30:41.449961Z - INFO - Full health check completed.
2026-03-14T16:31:26.271382Z - INFO - System health report generated.
2026-03-14T16:31:38.771270Z - INFO - Full health check completed.
2026-03-14T16:32:52.554369Z - INFO - Full health check completed.
2026-03-14T16:32:57.905299Z - INFO - Full health check completed.
2026-03-14T16:33:47.338235Z - INFO - Full health check completed.
2026-03-14T16:33:53.283924Z - INFO - Full health check completed.
2026-03-14T16:34:03.289275Z - INFO - Full health check completed.
2026-03-14T16:34:03.582009Z - INFO - System health report generated.
2026-03-14T16:34:18.010558Z - INFO - Full health check completed.
2026-03-14T16:34:39.537255Z - INFO - Full health check completed.
2026-03-14T16:35:35.172331Z - INFO - Full health check completed.
2026-03-14T16:35:35.765575Z - INFO - Full health check completed.
2026-03-14T16:35:37.712077Z - INFO - Full health check completed.
2026-03-14T16:35:55.426820Z - INFO - Full health check completed.
2026-03-14T16:37:01.940315Z - INFO - System health report generated.
2026-03-14T16:37:16.697071Z - INFO - Full health check completed.
2026-03-14T16:38:06.152597Z - INFO - Full health check completed.
2026-03-14T16:38:09.076743Z - INFO - Full health check completed.
2026-03-14T16:39:04.007994Z - INFO - Full health check completed.
2026-03-14T16:39:10.583128Z - INFO - Full health check completed.
2026-03-14T16:39:19.034157Z - INFO - Full health check completed.
2026-03-14T16:39:55.180894Z - INFO - Full health check completed.
2026-03-14T16:40:02.667468Z - INFO - System health report generated.
2026-03-14T16:40:13.826323Z - INFO - Full health check completed.
2026-03-14T16:40:50.645312Z - INFO - Full health check completed.
2026-03-14T16:40:52.937699Z - INFO - Full health check completed.
2026-03-14T16:41:13.076331Z - INFO - Full health check completed.
2026-03-14T16:42:01.433563Z - INFO - System health report generated.
2026-03-14T16:42:12.568263Z - INFO - Full health check completed.
2026-03-14T16:43:20.281735Z - INFO - Full health check completed.
2026-03-14T16:43:22.222349Z - INFO - Full health check completed.
2026-03-14T16:44:17.519017Z - INFO - Full health check completed.
2026-03-14T16:44:24.422975Z - INFO - Full health check completed.
2026-03-14T16:44:31.846815Z - INFO - Full health check completed.
2026-03-14T16:45:01.233984Z - INFO - System health report generated.
2026-03-14T16:45:10.500990Z - INFO - Full health check completed.
2026-03-14T16:45:16.619543Z - INFO - Full health check completed.
2026-03-14T16:46:03.864090Z - INFO - Full health check completed.
2026-03-14T16:46:06.349722Z - INFO - Full health check completed.
2026-03-14T16:46:23.090252Z - INFO - Full health check completed.
2026-03-14T16:47:04.249850Z - INFO - System health report generated.
2026-03-14T16:47:16.221416Z - INFO - Full health check completed.
2026-03-14T16:48:35.977439Z - INFO - Full health check completed.
2026-03-14T16:48:39.163427Z - INFO - Full health check completed.
2026-03-14T16:49:32.904501Z - INFO - Full health check completed.
2026-03-14T16:49:39.954333Z - INFO - Full health check completed.
2026-03-14T16:49:45.965247Z - INFO - Full health check completed.
2026-03-14T16:50:01.217228Z - INFO - System health report generated.
2026-03-14T16:50:16.438789Z - INFO - Full health check completed.
2026-03-14T16:50:26.733860Z - INFO - Full health check completed.
2026-03-14T16:51:19.451861Z - INFO - Full health check completed.
2026-03-14T16:51:21.368253Z - INFO - Full health check completed.
2026-03-14T16:51:38.679837Z - INFO - Full health check completed.
2026-03-14T16:53:04.564293Z - INFO - System health report generated.
2026-03-14T16:53:16.498812Z - INFO - Full health check completed.
2026-03-14T16:53:50.967937Z - INFO - Full health check completed.
2026-03-14T16:53:54.071733Z - INFO - Full health check completed.
2026-03-14T16:54:46.437405Z - INFO - Full health check completed.
2026-03-14T16:54:56.063736Z - INFO - Full health check completed.
2026-03-14T16:55:03.313563Z - INFO - Full health check completed.
2026-03-14T16:55:41.222910Z - INFO - Full health check completed.
2026-03-14T16:56:34.190971Z - INFO - Full health check completed.
2026-03-14T16:56:35.351376Z - INFO - System health report generated.
2026-03-14T16:56:35.942556Z - INFO - Full health check completed.
2026-03-14T16:56:48.771927Z - INFO - Full health check completed.
2026-03-14T16:56:54.038321Z - INFO - Full health check completed.
2026-03-14T16:58:17.102421Z - INFO - System health report generated.
2026-03-14T16:58:29.874251Z - INFO - Full health check completed.
2026-03-14T16:59:03.612026Z - INFO - Full health check completed.
2026-03-14T16:59:07.489025Z - INFO - Full health check completed.
2026-03-14T16:59:14.427940Z - INFO - System health report generated.
2026-03-14T16:59:29.274593Z - INFO - Full health check completed.
2026-03-14T17:00:01.704082Z - INFO - Full health check completed.
2026-03-14T17:00:12.407757Z - INFO - Full health check completed.
2026-03-14T17:00:19.203708Z - INFO - Full health check completed.
2026-03-14T17:00:51.629568Z - INFO - Full health check completed.
2026-03-14T17:01:49.128651Z - INFO - Full health check completed.
2026-03-14T17:01:51.418108Z - INFO - Full health check completed.
2026-03-14T17:02:04.051314Z - INFO - System health report generated.
2026-03-14T17:02:09.005813Z - INFO - Full health check completed.
2026-03-14T17:02:15.585770Z - INFO - Full health check completed.
2026-03-14T17:03:41.982508Z - INFO - Full health check completed.
2026-03-14T17:04:16.459229Z - INFO - Full health check completed.
2026-03-14T17:04:20.030183Z - INFO - Full health check completed.
2026-03-14T17:05:14.763113Z - INFO - Full health check completed.
2026-03-14T17:05:26.242354Z - INFO - Full health check completed.
2026-03-14T17:05:32.905463Z - INFO - Full health check completed.
2026-03-14T17:06:05.443789Z - INFO - Full health check completed.
2026-03-14T17:06:08.264673Z - INFO - System health report generated.
2026-03-14T17:06:19.879336Z - INFO - Full health check completed.
2026-03-14T17:07:02.779016Z - INFO - Full health check completed.
2026-03-14T17:07:04.296692Z - INFO - Full health check completed.
2026-03-14T17:07:07.195273Z - INFO - System health report generated.
2026-03-14T17:07:18.881009Z - INFO - Full health check completed.
2026-03-14T17:07:23.565918Z - INFO - Full health check completed.
2026-03-14T17:08:17.520183Z - INFO - System health report generated.
2026-03-14T17:08:31.090103Z - INFO - Full health check completed.
2026-03-14T17:08:57.847797Z - INFO - Full health check completed.
2026-03-14T17:09:17.983852Z - INFO - System health report generated.
2026-03-14T17:09:31.393485Z - INFO - Full health check completed.
2026-03-14T17:09:32.827660Z - INFO - Full health check completed.
2026-03-14T17:09:35.141392Z - INFO - Full health check completed.
2026-03-14T17:10:27.892708Z - INFO - Full health check completed.
2026-03-14T17:10:39.809093Z - INFO - Full health check completed.
2026-03-14T17:10:46.717155Z - INFO - Full health check completed.
2026-03-14T17:11:20.538459Z - INFO - Full health check completed.
2026-03-14T17:12:09.174656Z - INFO - System health report generated.
2026-03-14T17:12:16.399064Z - INFO - Full health check completed.
2026-03-14T17:12:17.778224Z - INFO - Full health check completed.
2026-03-14T17:12:24.069511Z - INFO - Full health check completed.
2026-03-14T17:12:40.307775Z - INFO - Full health check completed.
2026-03-14T17:14:13.061421Z - INFO - Full health check completed.
2026-03-14T17:14:46.181398Z - INFO - Full health check completed.
2026-03-14T17:14:50.911414Z - INFO - Full health check completed.
2026-03-14T17:15:42.869468Z - INFO - Full health check completed.
2026-03-14T17:15:56.352752Z - INFO - Full health check completed.
2026-03-14T17:16:03.187969Z - INFO - Full health check completed.
2026-03-14T17:16:36.130972Z - INFO - Full health check completed.
2026-03-14T17:16:52.418950Z - INFO - System health report generated.
2026-03-14T17:17:07.930943Z - INFO - Full health check completed.
2026-03-14T17:17:31.533059Z - INFO - Full health check completed.
2026-03-14T17:17:32.584691Z - INFO - Full health check completed.
2026-03-14T17:17:53.754637Z - INFO - System health report generated.
2026-03-14T17:17:55.911120Z - INFO - Full health check completed.
2026-03-14T17:18:08.477229Z - INFO - Full health check completed.
2026-03-14T17:19:31.072317Z - INFO - Full health check completed.
2026-03-14T17:19:58.684516Z - INFO - Full health check completed.
2026-03-14T17:20:04.942801Z - INFO - Full health check completed.
2026-03-14T17:21:26.117232Z - INFO - Full health check completed.
2026-03-14T17:21:27.333617Z - INFO - Full health check completed.
2026-03-14T17:21:31.006981Z - INFO - Full health check completed.
2026-03-14T17:21:52.441948Z - INFO - Full health check completed.
2026-03-14T17:22:14.986959Z - INFO - System health report generated.
2026-03-14T17:22:27.342970Z - INFO - Full health check completed.
2026-03-14T17:22:48.369963Z - INFO - Full health check completed.
2026-03-14T17:22:49.088831Z - INFO - Full health check completed.
2026-03-14T17:23:12.322144Z - INFO - Full health check completed.
2026-03-14T17:24:42.441249Z - INFO - Full health check completed.
2026-03-14T17:25:12.357808Z - INFO - Full health check completed.
2026-03-14T17:25:18.770893Z - INFO - Full health check completed.
2026-03-14T17:26:38.240132Z - INFO - Full health check completed.
2026-03-14T17:26:39.989444Z - INFO - Full health check completed.
2026-03-14T17:26:43.829908Z - INFO - Full health check completed.
2026-03-14T17:27:06.909254Z - INFO - Full health check completed.
2026-03-14T17:27:46.348496Z - INFO - System health report generated.
2026-03-14T17:27:58.624478Z - INFO - Full health check completed.
2026-03-14T17:28:02.193352Z - INFO - Full health check completed.
2026-03-14T17:28:02.676143Z - INFO - Full health check completed.
2026-03-14T17:28:27.334302Z - INFO - Full health check completed.
2026-03-14T17:29:58.158498Z - INFO - Full health check completed.
2026-03-14T17:30:29.499846Z - INFO - Full health check completed.
2026-03-14T17:30:34.071351Z - INFO - Full health check completed.
2026-03-14T17:31:45.085541Z - INFO - System health report generated.
2026-03-14T17:31:52.892852Z - INFO - Full health check completed.
2026-03-14T17:31:54.750038Z - INFO - Full health check completed.
2026-03-14T17:31:57.367595Z - INFO - Full health check completed.
2026-03-14T17:31:58.639359Z - INFO - Full health check completed.
2026-03-14T17:32:20.682060Z - INFO - Full health check completed.
2026-03-14T17:33:17.226979Z - INFO - Full health check completed.
2026-03-14T17:33:18.010519Z - INFO - Full health check completed.
2026-03-14T17:33:41.740851Z - INFO - Full health check completed.
2026-03-14T17:34:21.189260Z - INFO - System health report generated.
2026-03-14T17:34:35.088154Z - INFO - Full health check completed.
2026-03-14T17:35:10.811269Z - INFO - Full health check completed.
2026-03-14T17:35:26.786775Z - INFO - System health report generated.
2026-03-14T17:35:41.086190Z - INFO - Full health check completed.
2026-03-14T17:35:42.305046Z - INFO - Full health check completed.
2026-03-14T17:35:50.036655Z - INFO - Full health check completed.
2026-03-14T17:37:07.091864Z - INFO - Full health check completed.
2026-03-14T17:37:08.582973Z - INFO - Full health check completed.
2026-03-14T17:37:11.658973Z - INFO - Full health check completed.
2026-03-14T17:37:33.384927Z - INFO - Full health check completed.
2026-03-14T17:38:31.501836Z - INFO - Full health check completed.
2026-03-14T17:38:31.871496Z - INFO - Full health check completed.
2026-03-14T17:38:39.309086Z - INFO - System health report generated.
2026-03-14T17:38:51.803277Z - INFO - Full health check completed.
2026-03-14T17:38:56.117134Z - INFO - Full health check completed.
2026-03-14T17:40:16.790781Z - INFO - System health report generated.
2026-03-14T17:40:23.852932Z - INFO - Full health check completed.
2026-03-14T17:40:29.797469Z - INFO - Full health check completed.
2026-03-14T17:40:57.692033Z - INFO - Full health check completed.
2026-03-14T17:41:03.289585Z - INFO - Full health check completed.
2026-03-14T17:42:06.375160Z - INFO - System health report generated.
2026-03-14T17:42:20.702658Z - INFO - Full health check completed.
2026-03-14T17:42:22.431264Z - INFO - Full health check completed.
2026-03-14T17:42:23.727326Z - INFO - Full health check completed.
2026-03-14T17:42:26.702269Z - INFO - Full health check completed.
2026-03-14T17:42:46.104867Z - INFO - Full health check completed.
2026-03-14T17:43:03.347064Z - INFO - System health report generated.
2026-03-14T17:43:14.234342Z - INFO - Full health check completed.
2026-03-14T17:43:46.871752Z - INFO - Full health check completed.
2026-03-14T17:43:47.557183Z - INFO - Full health check completed.
2026-03-14T17:44:10.524442Z - INFO - Full health check completed.
2026-03-14T17:45:14.027098Z - INFO - System health report generated.
2026-03-14T17:45:26.130437Z - INFO - Full health check completed.
2026-03-14T17:45:33.433033Z - INFO - Full health check completed.
2026-03-14T17:46:12.367815Z - INFO - Full health check completed.
2026-03-14T17:46:17.900871Z - INFO - Full health check completed.
2026-03-14T17:47:38.199617Z - INFO - Full health check completed.
2026-03-14T17:47:38.512219Z - INFO - Full health check completed.
2026-03-14T17:47:42.561503Z - INFO - Full health check completed.
2026-03-14T17:47:56.979182Z - INFO - Full health check completed.
2026-03-14T17:48:00.991732Z - INFO - System health report generated.
2026-03-14T17:48:14.484667Z - INFO - Full health check completed.
2026-03-14T17:49:01.065502Z - INFO - Full health check completed.
2026-03-14T17:49:01.948666Z - INFO - Full health check completed.
2026-03-14T17:49:20.293843Z - INFO - Full health check completed.
2026-03-14T17:50:40.320954Z - INFO - System health report generated.
2026-03-14T17:50:49.393639Z - INFO - Full health check completed.
2026-03-14T17:50:55.930373Z - INFO - Full health check completed.
2026-03-14T17:51:24.917820Z - INFO - Full health check completed.
2026-03-14T17:51:31.023571Z - INFO - Full health check completed.
2026-03-14T17:52:52.540122Z - INFO - Full health check completed.
2026-03-14T17:52:52.660193Z - INFO - Full health check completed.
2026-03-14T17:52:58.946740Z - INFO - Full health check completed.
2026-03-14T17:53:06.545890Z - INFO - Full health check completed.
2026-03-14T17:53:29.844260Z - INFO - System health report generated.
2026-03-14T17:53:43.152164Z - INFO - Full health check completed.
2026-03-14T17:54:11.853077Z - INFO - Full health check completed.
2026-03-14T17:54:13.117007Z - INFO - Full health check completed.
2026-03-14T17:54:32.798628Z - INFO - Full health check completed.
2026-03-14T17:55:03.975703Z - INFO - System health report generated.
2026-03-14T17:55:18.958961Z - INFO - Full health check completed.
2026-03-14T17:56:04.499637Z - INFO - Full health check completed.
2026-03-14T17:56:40.992289Z - INFO - Full health check completed.
2026-03-14T17:56:45.390056Z - INFO - Full health check completed.
2026-03-14T17:58:05.778508Z - INFO - Full health check completed.
2026-03-14T17:58:05.844147Z - INFO - Full health check completed.
2026-03-14T17:58:17.245447Z - INFO - Full health check completed.
2026-03-14T17:58:23.491850Z - INFO - Full health check completed.
2026-03-14T17:59:25.522939Z - INFO - Full health check completed.
2026-03-14T17:59:28.795761Z - INFO - Full health check completed.
2026-03-14T17:59:48.530509Z - INFO - Full health check completed.
2026-03-14T18:01:17.691796Z - INFO - Full health check completed.
2026-03-14T18:01:53.827097Z - INFO - Full health check completed.
2026-03-14T18:02:00.719545Z - INFO - Full health check completed.
2026-03-14T18:02:35.370858Z - INFO - System health report generated.
2026-03-14T18:02:49.816404Z - INFO - Full health check completed.
2026-03-14T18:03:21.635903Z - INFO - Full health check completed.
2026-03-14T18:03:21.636131Z - INFO - Full health check completed.
2026-03-14T18:03:35.025060Z - INFO - Full health check completed.
2026-03-14T18:03:39.317578Z - INFO - Full health check completed.
2026-03-14T18:04:30.307660Z - INFO - System health report generated.
2026-03-14T18:04:41.811558Z - INFO - Full health check completed.
2026-03-14T18:04:45.974402Z - INFO - Full health check completed.
2026-03-14T18:04:47.334287Z - INFO - Full health check completed.
2026-03-14T18:05:03.803311Z - INFO - Full health check completed.
2026-03-14T18:06:04.586584Z - INFO - System health report generated.
2026-03-14T18:06:21.190576Z - INFO - Full health check completed.
2026-03-14T18:06:33.476761Z - INFO - Full health check completed.
2026-03-14T18:07:03.636705Z - INFO - Full health check completed.
2026-03-14T18:07:13.529890Z - INFO - Full health check completed.
2026-03-14T18:08:39.417505Z - INFO - Full health check completed.
2026-03-14T18:08:39.443161Z - INFO - Full health check completed.
2026-03-14T18:08:52.223693Z - INFO - Full health check completed.
2026-03-14T18:08:55.595266Z - INFO - Full health check completed.
2026-03-14T18:09:55.998542Z - INFO - Full health check completed.
2026-03-14T18:10:01.047136Z - INFO - Full health check completed.
2026-03-14T18:10:16.653462Z - INFO - Full health check completed.
2026-03-14T18:10:33.956972Z - INFO - System health report generated.
2026-03-14T18:10:43.577894Z - INFO - Full health check completed.
2026-03-14T18:11:43.834005Z - INFO - Full health check completed.
2026-03-14T18:12:05.523264Z - INFO - System health report generated.
2026-03-14T18:12:19.825130Z - INFO - Full health check completed.
2026-03-14T18:12:21.250796Z - INFO - Full health check completed.
2026-03-14T18:12:32.099480Z - INFO - Full health check completed.
2026-03-14T18:13:02.621428Z - INFO - System health report generated.
2026-03-14T18:13:13.569495Z - INFO - Full health check completed.
2026-03-14T18:14:03.034392Z - INFO - Full health check completed.
2026-03-14T18:14:03.041182Z - INFO - Full health check completed.
2026-03-14T18:14:12.082681Z - INFO - Full health check completed.
2026-03-14T18:14:13.621046Z - INFO - Full health check completed.
2026-03-14T18:15:13.206978Z - INFO - Full health check completed.
2026-03-14T18:15:19.190865Z - INFO - Full health check completed.
2026-03-14T18:15:35.224644Z - INFO - Full health check completed.
2026-03-14T18:15:55.717221Z - INFO - Full health check completed.
2026-03-14T18:16:59.086222Z - INFO - Full health check completed.
2026-03-14T18:17:32.433735Z - INFO - System health report generated.
2026-03-14T18:17:37.543963Z - INFO - Full health check completed.
2026-03-14T18:17:49.603211Z - INFO - Full health check completed.
2026-03-14T18:17:50.525885Z - INFO - Full health check completed.
2026-03-14T18:18:31.660594Z - INFO - System health report generated.
2026-03-14T18:18:42.822920Z - INFO - Full health check completed.
2026-03-14T18:19:22.821302Z - INFO - Full health check completed.
2026-03-14T18:19:23.124015Z - INFO - Full health check completed.
2026-03-14T18:19:31.331879Z - INFO - Full health check completed.
2026-03-14T18:19:32.704519Z - INFO - Full health check completed.
2026-03-14T18:20:30.042895Z - INFO - Full health check completed.
2026-03-14T18:20:36.684629Z - INFO - Full health check completed.
2026-03-14T18:20:48.534758Z - INFO - Full health check completed.
2026-03-14T18:21:05.521261Z - INFO - Full health check completed.
2026-03-14T18:22:05.436663Z - INFO - System health report generated.
2026-03-14T18:22:08.007623Z - INFO - Full health check completed.
2026-03-14T18:22:16.142338Z - INFO - Full health check completed.
2026-03-14T18:22:53.801924Z - INFO - Full health check completed.
2026-03-14T18:23:05.596007Z - INFO - Full health check completed.
2026-03-14T18:24:28.050280Z - INFO - System health report generated.
2026-03-14T18:24:37.163546Z - INFO - Full health check completed.
2026-03-14T18:24:37.180845Z - INFO - Full health check completed.
2026-03-14T18:24:41.964779Z - INFO - Full health check completed.
2026-03-14T18:24:45.709362Z - INFO - Full health check completed.
2026-03-14T18:24:47.130763Z - INFO - Full health check completed.
2026-03-14T18:25:46.384025Z - INFO - Full health check completed.
2026-03-14T18:25:50.179801Z - INFO - Full health check completed.
2026-03-14T18:26:00.102936Z - INFO - Full health check completed.
2026-03-14T18:26:03.415118Z - INFO - System health report generated.
2026-03-14T18:26:17.649029Z - INFO - Full health check completed.
2026-03-14T18:26:22.041750Z - INFO - Full health check completed.
2026-03-14T18:27:03.564852Z - INFO - System health report generated.
2026-03-14T18:27:14.003942Z - INFO - Full health check completed.
2026-03-14T18:27:20.971020Z - INFO - Full health check completed.
2026-03-14T18:28:07.639464Z - INFO - Full health check completed.
2026-03-14T18:28:13.947935Z - INFO - System health report generated.
2026-03-14T18:28:20.753483Z - INFO - Full health check completed.
2026-03-14T18:28:27.938519Z - INFO - Full health check completed.
2026-03-14T18:29:52.732533Z - INFO - Full health check completed.
2026-03-14T18:29:52.747580Z - INFO - Full health check completed.
2026-03-14T18:29:58.701017Z - INFO - Full health check completed.
2026-03-14T18:30:03.384851Z - INFO - Full health check completed.
2026-03-14T18:30:03.980994Z - INFO - Full health check completed.
2026-03-14T18:31:01.377358Z - INFO - Full health check completed.
2026-03-14T18:31:03.538755Z - INFO - Full health check completed.
2026-03-14T18:31:13.240308Z - INFO - Full health check completed.
2026-03-14T18:31:40.038046Z - INFO - Full health check completed.
2026-03-14T18:32:31.240943Z - INFO - Full health check completed.
2026-03-14T18:33:21.574411Z - INFO - System health report generated.
2026-03-14T18:33:23.531647Z - INFO - Full health check completed.
2026-03-14T18:33:35.917050Z - INFO - Full health check completed.
2026-03-14T18:33:36.587286Z - INFO - Full health check completed.
2026-03-14T18:35:08.350321Z - INFO - Full health check completed.
2026-03-14T18:35:09.069673Z - INFO - Full health check completed.
2026-03-14T18:35:15.896185Z - INFO - Full health check completed.
2026-03-14T18:35:20.514935Z - INFO - Full health check completed.
2026-03-14T18:35:20.894570Z - INFO - Full health check completed.
2026-03-14T18:36:02.995231Z - INFO - System health report generated.
2026-03-14T18:36:15.742894Z - INFO - Full health check completed.
2026-03-14T18:36:15.756260Z - INFO - Full health check completed.
2026-03-14T18:36:20.100219Z - INFO - Full health check completed.
2026-03-14T18:36:27.578578Z - INFO - Full health check completed.
2026-03-14T18:36:54.942808Z - INFO - Full health check completed.
2026-03-14T18:37:42.429122Z - INFO - Full health check completed.
2026-03-14T18:38:02.517882Z - INFO - System health report generated.
2026-03-14T18:38:16.750262Z - INFO - Full health check completed.
2026-03-14T18:38:38.173040Z - INFO - Full health check completed.
2026-03-14T18:38:49.823963Z - INFO - Full health check completed.
2026-03-14T18:40:23.820393Z - INFO - Full health check completed.
2026-03-14T18:40:24.680785Z - INFO - Full health check completed.
2026-03-14T18:40:32.889155Z - INFO - Full health check completed.
2026-03-14T18:40:37.242646Z - INFO - Full health check completed.
2026-03-14T18:40:38.303264Z - INFO - Full health check completed.
2026-03-14T18:41:01.905871Z - INFO - System health report generated.
2026-03-14T18:41:17.003761Z - INFO - Full health check completed.
2026-03-14T18:41:32.124664Z - INFO - Full health check completed.
2026-03-14T18:41:32.304473Z - INFO - Full health check completed.
2026-03-14T18:41:36.044670Z - INFO - Full health check completed.
2026-03-14T18:41:42.156051Z - INFO - Full health check completed.
2026-03-14T18:42:10.153498Z - INFO - Full health check completed.
2026-03-14T18:43:00.072834Z - INFO - Full health check completed.
2026-03-14T18:43:34.048755Z - INFO - Full health check completed.
2026-03-14T18:43:50.662510Z - INFO - Full health check completed.
2026-03-14T18:44:01.738030Z - INFO - Full health check completed.
2026-03-14T18:45:04.218114Z - INFO - System health report generated.
2026-03-14T18:45:18.981476Z - INFO - Full health check completed.
2026-03-14T18:45:42.100765Z - INFO - Full health check completed.
2026-03-14T18:45:42.866406Z - INFO - Full health check completed.
2026-03-14T18:45:50.830156Z - INFO - Full health check completed.
2026-03-14T18:45:56.015465Z - INFO - Full health check completed.
2026-03-14T18:45:58.195593Z - INFO - Full health check completed.
2026-03-14T18:46:01.178593Z - INFO - System health report generated.
2026-03-14T18:46:15.931910Z - INFO - Full health check completed.
2026-03-14T18:46:50.645827Z - INFO - Full health check completed.
2026-03-14T18:46:50.835906Z - INFO - Full health check completed.
2026-03-14T18:46:55.652877Z - INFO - Full health check completed.
2026-03-14T18:47:00.560590Z - INFO - Full health check completed.
2026-03-14T18:47:28.897330Z - INFO - Full health check completed.
2026-03-14T18:48:00.678791Z - INFO - System health report generated.
2026-03-14T18:48:28.296973Z - INFO - Full health check completed.
2026-03-14T18:48:31.338508Z - INFO - Full health check completed.
2026-03-14T18:48:57.967740Z - INFO - Full health check completed.
2026-03-14T18:49:03.578692Z - INFO - System health report generated.
2026-03-14T18:49:05.869966Z - INFO - Full health check completed.
2026-03-14T18:49:16.988727Z - INFO - Full health check completed.
2026-03-14T18:49:17.980834Z - INFO - Full health check completed.
2026-03-14T18:50:07.461760Z - INFO - System health report generated.
2026-03-14T18:50:21.867181Z - INFO - Full health check completed.
2026-03-14T18:51:00.944472Z - INFO - Full health check completed.
2026-03-14T18:51:01.298320Z - INFO - Full health check completed.
2026-03-14T18:51:08.046511Z - INFO - Full health check completed.
2026-03-14T18:51:09.746416Z - INFO - Full health check completed.
